<?xml version="1.0" encoding="UTF-8"?>
<testsuite xmlns:xsi="http://www.w3.org/2001/XMLSchema-instance" xsi:noNamespaceSchemaLocation="https://maven.apache.org/surefire/maven-surefire-plugin/xsd/surefire-test-report-3.0.xsd" version="3.0" name="org.lessons.java.TicketTest" time="0.03" tests="5" errors="0" skipped="0" failures="0">
  <properties>
[...]
</properties>
  <testcase name="testCalcolaPrezzoConScontoOver65" classname="org.lessons.java.TicketTest" time="0.008"/>
  <testcase name="testCalcolaPrezzo" classname="org.lessons.java.TicketTest" time="0.002"/>
  <testcase name="testConKmNegativo" classname="org.lessons.java.TicketTest" time="0.002"/>
  <testcase name="testConEtaNegativo" classname="org.lessons.java.TicketTest" time="0.002"/>
  <testcase name="testCalcolaPrezzoConScontoUnder18" classname="org.lessons.java.TicketTest" time="0.001"/>
</testsuite>